<?xml version="1.0" encoding="UTF-8"?>
<!-- Generated by org.testng.reporters.JUnitReportReporter -->
<testsuite hostname="E5-575G" failures="0" tests="1" name="testCase.TC_002_LoginTest" time="21.447" errors="0" timestamp="2024-04-01T16:42:14 IST" skipped="0">
  <testcase classname="testCase.TC_002_LoginTest" name="verifyLogin" time="21.447"/>
</testsuite> <!-- testCase.TC_002_LoginTest -->
